生成启动时间为 2016/3/2 16:55:56。
     1>项目“E:\ZMZ-Program\Software\Lilins-Software\VideoRecorder\VideoRecorder\VideoRecorder.vcxproj”在节点 2 上(Build 个目标)。
     1>ClCompile:
         D:\Pro-Software\MicroVisualStudio\VC\bin\CL.exe /c /ZI /nologo /W3 /WX- /sdl- /Od /Oy- /D WIN32 /D _WINDOWS /D _DEBUG /D _UNICODE /D UNICODE /D _AFXDLL /Gm /EHsc /RTC1 /MDd /GS /fp:precise /Zc:wchar_t /Zc:forScope /Yu"stdafx.h" /Fp"Debug\VideoRecorder.pch" /Fo"Debug\\" /Fd"Debug\vc120.pdb" /Gd /TP /analyze- /errorReport:prompt VideoRecorderDlg.cpp
         VideoRecorderDlg.cpp
     1>d:\pro-software\opencv\opencv\build\include\opencv2\core\mat.hpp(1965): warning C4819: 该文件包含不能在当前代码页(936)中表示的字符。请将该文件保存为 Unicode 格式以防止数据丢失
     1>d:\pro-software\opencv\opencv\build\include\opencv2\core\persistence.hpp : warning C4819: 该文件包含不能在当前代码页(936)中表示的字符。请将该文件保存为 Unicode 格式以防止数据丢失
     1>d:\pro-software\opencv\opencv\build\include\opencv2\core\utility.hpp : warning C4819: 该文件包含不能在当前代码页(936)中表示的字符。请将该文件保存为 Unicode 格式以防止数据丢失
     1>e:\zmz-program\software\lilins-software\videorecorder\videorecorder\videorecorderdlg.cpp(159): warning C4018: “<”: 有符号/无符号不匹配
     1>e:\zmz-program\software\lilins-software\videorecorder\videorecorder\videorecorderdlg.cpp(163): warning C4996: 'sprintf': This function or variable may be unsafe. Consider using sprintf_s instead. To disable deprecation, use _CRT_SECURE_NO_WARNINGS. See online help for details.
                 d:\pro-software\microvisualstudio\vc\include\stdio.h(356) : 参见“sprintf”的声明
     1>e:\zmz-program\software\lilins-software\videorecorder\videorecorder\videorecorderdlg.cpp(174): warning C4018: “<”: 有符号/无符号不匹配
       Link:
         D:\Pro-Software\MicroVisualStudio\VC\bin\link.exe /ERRORREPORT:PROMPT /OUT:"E:\ZMZ-Program\Software\Lilins-Software\VideoRecorder\Debug\VideoRecorder.exe" /INCREMENTAL /NOLOGO GxIAPI.lib DxImageProc.lib opencv_ts300d.lib opencv_world300d.lib /MANIFEST /MANIFESTUAC:"level='asInvoker' uiAccess='false'" /manifest:embed /manifestinput:"D:\Pro-Software\MicroVisualStudio\VC\Include\Manifest\dpiaware.manifest" /DEBUG /PDB:"E:\ZMZ-Program\Software\Lilins-Software\VideoRecorder\Debug\VideoRecorder.pdb" /SUBSYSTEM:WINDOWS /TLBID:1 /ENTRY:"wWinMainCRTStartup" /DYNAMICBASE /NXCOMPAT /IMPLIB:"E:\ZMZ-Program\Software\Lilins-Software\VideoRecorder\Debug\VideoRecorder.lib" /MACHINE:X86 Debug\VideoRecorder.res
         Debug\Camera.obj
         Debug\stdafx.obj
         Debug\VideoRecorder.obj
         Debug\VideoRecorderDlg.obj
         VideoRecorder.vcxproj -> E:\ZMZ-Program\Software\Lilins-Software\VideoRecorder\Debug\VideoRecorder.exe
     1>已完成生成项目“E:\ZMZ-Program\Software\Lilins-Software\VideoRecorder\VideoRecorder\VideoRecorder.vcxproj”(Build 个目标)的操作。

生成成功。

已用时间 00:00:01.00
